<?xml version="1.0" encoding="UTF-8"?>
<Site BuildName="(empty)"
	BuildStamp="20230319-0406-Experimental"
	Name="(empty)"
	Generator="ctest-3.24.2"
	CompilerName=""
	CompilerVersion=""
	OSName="macOS"
	Hostname="Conrads-MacBook.local"
	OSRelease="12.6"
	OSVersion="21G115"
	OSPlatform="arm64"
	Is64Bits="1"
	VendorString="IBM"
	VendorID="IBM"
	FamilyID="16777228"
	ModelID="2"
	ProcessorCacheSize="131072"
	NumberOfLogicalCPU="8"
	NumberOfPhysicalCPU="8"
	TotalVirtualMemory="2048"
	TotalPhysicalMemory="8192"
	LogicalProcessorsPerPhysical="8"
	ProcessorClockFrequency="0"
	>
	<Testing>
		<StartDateTime>Mar 18 23:06 CDT</StartDateTime>
		<StartTestTime>1679198794</StartTestTime>
		<TestList/>
		<EndDateTime>Mar 18 23:06 CDT</EndDateTime>
		<EndTestTime>1679198794</EndTestTime>
		<ElapsedMinutes>0</ElapsedMinutes>
	</Testing>
</Site>
